<?xml version="1.0" encoding="UTF-8"?>
<!-- Generated by org.testng.reporters.JUnitReportReporter -->
<testsuite hostname="EL-Dorado" failures="0" tests="1" name="com.educational.Scripts.Testcase3" time="0.000" errors="0" timestamp="2023-02-16T12:13:44 IST" skipped="1">
  <testcase classname="com.educational.Scripts.Testcase3" name="testcase3" time="0.000">
    <skipped/>
  </testcase> <!-- testcase3 -->
  <system-out/>
</testsuite> <!-- com.educational.Scripts.Testcase3 -->
